Tue Jan 30 01:46:59 UTC 2024step2start
Loading required package: RhpcBLASctl
R version 3.6.3 (2020-02-29)
Platform: x86_64-pc-linux-gnu (64-bit)
Running under: Ubuntu 20.04.4 LTS

Matrix products: default
BLAS:   /usr/lib/x86_64-linux-gnu/openblas-pthread/libblas.so.3
LAPACK: /usr/lib/x86_64-linux-gnu/openblas-pthread/liblapack.so.3

locale:
 [1] LC_CTYPE=C.UTF-8       LC_NUMERIC=C           LC_TIME=C.UTF-8       
 [4] LC_COLLATE=C.UTF-8     LC_MONETARY=C.UTF-8    LC_MESSAGES=C.UTF-8   
 [7] LC_PAPER=C.UTF-8       LC_NAME=C              LC_ADDRESS=C          
[10] LC_TELEPHONE=C         LC_MEASUREMENT=C.UTF-8 LC_IDENTIFICATION=C   

attached base packages:
[1] stats     graphics  grDevices utils     datasets  methods   base     

other attached packages:
[1] data.table_1.12.8   optparse_1.7.3      RhpcBLASctl_0.23-42
[4] SAIGE_1.3.0        

loaded via a namespace (and not attached):
[1] compiler_3.6.3     Matrix_1.6-1       Rcpp_1.0.7         getopt_1.20.3     
[5] grid_3.6.3         RcppParallel_5.1.7 lattice_0.20-40   
$vcfFile
[1] ""

$vcfFileIndex
[1] ""

$vcfField
[1] "DS"

$savFile
[1] ""

$savFileIndex
[1] ""

$bgenFile
[1] "/home/ubuntu/step2/ukb_imp_chr22_v3.bgen"

$bgenFileIndex
[1] "/home/ubuntu/step2/ukb_imp_chr22_v3.bgen.bgi"

$sampleFile
[1] "/home/ubuntu/step2/ukb45227_imp_chr1_v3_s487296.sample"

$bedFile
[1] ""

$bimFile
[1] ""

$famFile
[1] ""

$AlleleOrder
[1] "alt-first"

$idstoIncludeFile
[1] ""

$rangestoIncludeFile
[1] ""

$chrom
[1] "22"

$is_imputed_data
[1] FALSE

$minMAF
[1] 1e-04

$minMAC
[1] 10

$minGroupMAC_in_BurdenTest
[1] 5

$minInfo
[1] 0

$maxMissing
[1] 0.15

$impute_method
[1] "best_guess"

$LOCO
[1] FALSE

$GMMATmodelFile
[1] "/home/ubuntu/step1/output/HDL_imputed_Step1.rda"

$varianceRatioFile
[1] "/home/ubuntu/step1/output/HDL_imputed_Step1.varianceRatio.txt"

$SAIGEOutputFile
[1] "/home/ubuntu/step2/output/chr22_HDL_imputed_output"

$markers_per_chunk
[1] 10000

$groups_per_chunk
[1] 100

$is_output_moreDetails
[1] FALSE

$is_overwrite_output
[1] TRUE

$maxMAF_in_groupTest
[1] "0.0001,0.001,0.01"

$maxMAC_in_groupTest
[1] "0"

$annotation_in_groupTest
[1] "lof,missense;lof,missense;lof;synonymous"

$groupFile
[1] ""

$sparseGRMFile
[1] ""

$sparseGRMSampleIDFile
[1] ""

$relatednessCutoff
[1] 0

$MACCutoff_to_CollapseUltraRare
[1] 10

$cateVarRatioMinMACVecExclude
[1] "10,20.5"

$cateVarRatioMaxMACVecInclude
[1] "20.5"

$weights.beta
[1] "1,25"

$r.corr
[1] 0

$markers_per_chunk_in_groupTest
[1] 100

$condition
[1] ""

$SPAcutoff
[1] 2

$dosage_zerod_cutoff
[1] 0.2

$dosage_zerod_MAC_cutoff
[1] 10

$is_single_in_groupTest
[1] FALSE

$is_no_weight_in_groupTest
[1] FALSE

$is_output_markerList_in_groupTest
[1] FALSE

$is_Firth_beta
[1] FALSE

$pCutoffforFirth
[1] 0.01

$is_fastTest
[1] FALSE

$max_MAC_for_ER
[1] 4

$subSampleFile
[1] ""

$help
[1] FALSE

[1] "opt$r.corr"
[1] 0
dosage_zerod_cutoff  0.2 
Any dosages <=  0.2  for genetic variants with MAC <=  10  are set to be 0.
single-variant association test will be performed
[1] "Leave-one-chromosome-out is not applied"
[1] "LOCO = FASLE and leave-one-chromosome-out is not applied"
variance Ratio null is  1.11474 
dosageFile type is  bgen 
[1] "Sample IDs were not found in the bgen file."
sample file is in the bgenix format
t_SampleInBgen 487409
snpBlocks (Mbgen): 1255683
samples (Nbgen): 487409
CompressedSNPBlocks: 1
Layout: 2
Setting position of samples in Bgen files....
Number of all markers to test:	 1255683 
Number of markers in each chunk:	 10000 
Number of chunks for all markers:	 126 
(2024-01-30 01:47:21) ---- Analyzing Chunk 1/126: chrom InitialChunk ---- 
Completed 10000/10000 markers in the chunk.
5498 markers were tested.
write to output
   user  system elapsed 
181.526  15.995 201.551 
(2024-01-30 01:50:22) ---- Analyzing Chunk 2/126: chrom InitialChunk ---- 
Completed 10000/10000 markers in the chunk.
5196 markers were tested.
write to output
   user  system elapsed 
347.392  24.414 380.669 
(2024-01-30 01:53:21) ---- Analyzing Chunk 3/126: chrom InitialChunk ---- 
Completed 10000/10000 markers in the chunk.
4430 markers were tested.
write to output
   user  system elapsed 
471.984  26.917 510.072 
(2024-01-30 01:55:30) ---- Analyzing Chunk 4/126: chrom InitialChunk ---- 
Completed 10000/10000 markers in the chunk.
4403 markers were tested.
write to output
   user  system elapsed 
587.079  27.504 627.051 
(2024-01-30 01:57:27) ---- Analyzing Chunk 5/126: chrom InitialChunk ---- 
Completed 10000/10000 markers in the chunk.
4688 markers were tested.
write to output
   user  system elapsed 
702.297  28.133 744.487 
(2024-01-30 01:59:25) ---- Analyzing Chunk 6/126: chrom InitialChunk ---- 
Completed 10000/10000 markers in the chunk.
4329 markers were tested.
write to output
   user  system elapsed 
813.916  28.484 857.368 
(2024-01-30 02:01:18) ---- Analyzing Chunk 7/126: chrom InitialChunk ---- 
Completed 10000/10000 markers in the chunk.
3918 markers were tested.
write to output
   user  system elapsed 
917.157  28.851 961.701 
(2024-01-30 02:03:02) ---- Analyzing Chunk 8/126: chrom InitialChunk ---- 
Completed 10000/10000 markers in the chunk.
4829 markers were tested.
write to output
    user   system  elapsed 
1051.271   35.216 1104.658 
(2024-01-30 02:05:25) ---- Analyzing Chunk 9/126: chrom InitialChunk ---- 
Completed 10000/10000 markers in the chunk.
4630 markers were tested.
write to output
    user   system  elapsed 
1166.754   35.667 1221.774 
(2024-01-30 02:07:22) ---- Analyzing Chunk 10/126: chrom InitialChunk ---- 
Completed 10000/10000 markers in the chunk.
4179 markers were tested.
write to output
    user   system  elapsed 
1263.909   36.055 1319.839 
(2024-01-30 02:09:00) ---- Analyzing Chunk 11/126: chrom InitialChunk ---- 
Completed 10000/10000 markers in the chunk.
4399 markers were tested.
write to output
    user   system  elapsed 
1370.825   36.580 1428.311 
(2024-01-30 02:10:49) ---- Analyzing Chunk 12/126: chrom InitialChunk ---- 
Completed 10000/10000 markers in the chunk.
4185 markers were tested.
write to output
    user   system  elapsed 
1472.059   36.868 1530.579 
(2024-01-30 02:12:31) ---- Analyzing Chunk 13/126: chrom InitialChunk ---- 
Completed 10000/10000 markers in the chunk.
4020 markers were tested.
write to output
    user   system  elapsed 
1575.600   37.297 1635.260 
(2024-01-30 02:14:15) ---- Analyzing Chunk 14/126: chrom InitialChunk ---- 
Completed 10000/10000 markers in the chunk.
4722 markers were tested.
write to output
    user   system  elapsed 
1718.591   41.077 1784.525 
(2024-01-30 02:16:45) ---- Analyzing Chunk 15/126: chrom InitialChunk ---- 
Completed 10000/10000 markers in the chunk.
4188 markers were tested.
write to output
    user   system  elapsed 
1826.628   41.901 1894.461 
(2024-01-30 02:18:35) ---- Analyzing Chunk 16/126: chrom InitialChunk ---- 
Completed 10000/10000 markers in the chunk.
3964 markers were tested.
write to output
    user   system  elapsed 
1931.897   42.385 2000.874 
(2024-01-30 02:20:21) ---- Analyzing Chunk 17/126: chrom InitialChunk ---- 
Completed 10000/10000 markers in the chunk.
4355 markers were tested.
write to output
    user   system  elapsed 
2061.002   42.957 2133.144 
(2024-01-30 02:22:34) ---- Analyzing Chunk 18/126: chrom InitialChunk ---- 
Completed 10000/10000 markers in the chunk.
3975 markers were tested.
write to output
    user   system  elapsed 
2167.160   43.252 2240.454 
(2024-01-30 02:24:21) ---- Analyzing Chunk 19/126: chrom InitialChunk ---- 
Completed 10000/10000 markers in the chunk.
4160 markers were tested.
write to output
    user   system  elapsed 
2275.363   43.904 2350.247 
(2024-01-30 02:26:11) ---- Analyzing Chunk 20/126: chrom InitialChunk ---- 
Completed 10000/10000 markers in the chunk.
4408 markers were tested.
write to output
    user   system  elapsed 
2404.417   44.367 2481.638 
(2024-01-30 02:28:22) ---- Analyzing Chunk 21/126: chrom InitialChunk ---- 
Completed 10000/10000 markers in the chunk.
4689 markers were tested.
write to output
    user   system  elapsed 
2529.086   45.811 2609.879 
(2024-01-30 02:30:30) ---- Analyzing Chunk 22/126: chrom InitialChunk ---- 
Completed 10000/10000 markers in the chunk.
4557 markers were tested.
write to output
    user   system  elapsed 
2659.117   48.353 2745.366 
(2024-01-30 02:32:46) ---- Analyzing Chunk 23/126: chrom InitialChunk ---- 
Completed 10000/10000 markers in the chunk.
3944 markers were tested.
write to output
    user   system  elapsed 
2761.351   48.617 2848.767 
(2024-01-30 02:34:29) ---- Analyzing Chunk 24/126: chrom InitialChunk ---- 
Completed 10000/10000 markers in the chunk.
4033 markers were tested.
write to output
    user   system  elapsed 
2868.737   49.005 2957.538 
(2024-01-30 02:36:18) ---- Analyzing Chunk 25/126: chrom InitialChunk ---- 
Completed 10000/10000 markers in the chunk.
4384 markers were tested.
write to output
    user   system  elapsed 
2985.657   49.473 3076.420 
(2024-01-30 02:38:17) ---- Analyzing Chunk 26/126: chrom InitialChunk ---- 
Completed 10000/10000 markers in the chunk.
4236 markers were tested.
write to output
    user   system  elapsed 
3093.756   49.995 3185.966 
(2024-01-30 02:40:06) ---- Analyzing Chunk 27/126: chrom InitialChunk ---- 
Completed 10000/10000 markers in the chunk.
4248 markers were tested.
write to output
    user   system  elapsed 
3203.966   50.590 3298.203 
(2024-01-30 02:41:58) ---- Analyzing Chunk 28/126: chrom InitialChunk ---- 
Completed 10000/10000 markers in the chunk.
3778 markers were tested.
write to output
    user   system  elapsed 
3294.979   50.810 3389.873 
(2024-01-30 02:43:30) ---- Analyzing Chunk 29/126: chrom InitialChunk ---- 
Completed 10000/10000 markers in the chunk.
4088 markers were tested.
write to output
    user   system  elapsed 
3401.728   51.362 3498.447 
(2024-01-30 02:45:19) ---- Analyzing Chunk 30/126: chrom InitialChunk ---- 
Completed 10000/10000 markers in the chunk.
4176 markers were tested.
write to output
    user   system  elapsed 
3511.623   51.698 3609.780 
(2024-01-30 02:47:10) ---- Analyzing Chunk 31/126: chrom InitialChunk ---- 
Completed 10000/10000 markers in the chunk.
4529 markers were tested.
write to output
    user   system  elapsed 
3635.510   52.519 3736.489 
(2024-01-30 02:49:17) ---- Analyzing Chunk 32/126: chrom InitialChunk ---- 
Completed 10000/10000 markers in the chunk.
4196 markers were tested.
write to output
    user   system  elapsed 
3741.416   52.923 3843.999 
(2024-01-30 02:51:04) ---- Analyzing Chunk 33/126: chrom InitialChunk ---- 
Completed 10000/10000 markers in the chunk.
3987 markers were tested.
write to output
    user   system  elapsed 
3836.734   53.223 3940.291 
(2024-01-30 02:52:40) ---- Analyzing Chunk 34/126: chrom InitialChunk ---- 
Completed 10000/10000 markers in the chunk.
4125 markers were tested.
write to output
    user   system  elapsed 
3941.385   53.544 4046.176 
(2024-01-30 02:54:26) ---- Analyzing Chunk 35/126: chrom InitialChunk ---- 
Completed 10000/10000 markers in the chunk.
3936 markers were tested.
write to output
    user   system  elapsed 
4042.454   53.887 4148.271 
(2024-01-30 02:56:08) ---- Analyzing Chunk 36/126: chrom InitialChunk ---- 
Completed 10000/10000 markers in the chunk.
4040 markers were tested.
write to output
    user   system  elapsed 
4148.473   54.192 4255.369 
(2024-01-30 02:57:56) ---- Analyzing Chunk 37/126: chrom InitialChunk ---- 
Completed 10000/10000 markers in the chunk.
4429 markers were tested.
write to output
    user   system  elapsed 
4263.429   54.636 4371.993 
(2024-01-30 02:59:52) ---- Analyzing Chunk 38/126: chrom InitialChunk ---- 
Completed 10000/10000 markers in the chunk.
4170 markers were tested.
write to output
    user   system  elapsed 
4372.878   54.920 4482.679 
(2024-01-30 03:01:43) ---- Analyzing Chunk 39/126: chrom InitialChunk ---- 
Completed 10000/10000 markers in the chunk.
4372 markers were tested.
write to output
    user   system  elapsed 
4482.317   55.304 4593.588 
(2024-01-30 03:03:34) ---- Analyzing Chunk 40/126: chrom InitialChunk ---- 
Completed 10000/10000 markers in the chunk.
4212 markers were tested.
write to output
    user   system  elapsed 
4592.135   55.783 4705.015 
(2024-01-30 03:05:25) ---- Analyzing Chunk 41/126: chrom InitialChunk ---- 
Completed 10000/10000 markers in the chunk.
4040 markers were tested.
write to output
    user   system  elapsed 
4690.206   56.011 4804.000 
(2024-01-30 03:07:04) ---- Analyzing Chunk 42/126: chrom InitialChunk ---- 
Completed 10000/10000 markers in the chunk.
3781 markers were tested.
write to output
    user   system  elapsed 
4776.666   56.187 4890.809 
(2024-01-30 03:08:31) ---- Analyzing Chunk 43/126: chrom InitialChunk ---- 
Completed 10000/10000 markers in the chunk.
3885 markers were tested.
write to output
    user   system  elapsed 
4866.755   56.347 4981.352 
(2024-01-30 03:10:02) ---- Analyzing Chunk 44/126: chrom InitialChunk ---- 
Completed 10000/10000 markers in the chunk.
3798 markers were tested.
write to output
    user   system  elapsed 
4962.588   56.647 5078.052 
(2024-01-30 03:11:38) ---- Analyzing Chunk 45/126: chrom InitialChunk ---- 
Completed 10000/10000 markers in the chunk.
4076 markers were tested.
write to output
    user   system  elapsed 
5063.486   56.879 5179.844 
(2024-01-30 03:13:20) ---- Analyzing Chunk 46/126: chrom InitialChunk ---- 
Completed 10000/10000 markers in the chunk.
4022 markers were tested.
write to output
    user   system  elapsed 
5164.975   57.147 5282.122 
(2024-01-30 03:15:02) ---- Analyzing Chunk 47/126: chrom InitialChunk ---- 
Completed 10000/10000 markers in the chunk.
3751 markers were tested.
write to output
    user   system  elapsed 
5262.793   57.371 5380.599 
(2024-01-30 03:16:41) ---- Analyzing Chunk 48/126: chrom InitialChunk ---- 
Completed 10000/10000 markers in the chunk.
3758 markers were tested.
write to output
    user   system  elapsed 
5356.069   57.579 5474.445 
(2024-01-30 03:18:15) ---- Analyzing Chunk 49/126: chrom InitialChunk ---- 
Completed 10000/10000 markers in the chunk.
4015 markers were tested.
write to output
    user   system  elapsed 
5455.739   57.842 5574.906 
(2024-01-30 03:19:55) ---- Analyzing Chunk 50/126: chrom InitialChunk ---- 
Completed 10000/10000 markers in the chunk.
4226 markers were tested.
write to output
    user   system  elapsed 
5559.973   58.050 5680.068 
(2024-01-30 03:21:40) ---- Analyzing Chunk 51/126: chrom InitialChunk ---- 
Completed 10000/10000 markers in the chunk.
3851 markers were tested.
write to output
    user   system  elapsed 
5657.264   58.314 5778.123 
(2024-01-30 03:23:18) ---- Analyzing Chunk 52/126: chrom InitialChunk ---- 
Completed 10000/10000 markers in the chunk.
3848 markers were tested.
write to output
    user   system  elapsed 
5752.315   58.566 5873.893 
(2024-01-30 03:24:54) ---- Analyzing Chunk 53/126: chrom InitialChunk ---- 
Completed 10000/10000 markers in the chunk.
4022 markers were tested.
write to output
    user   system  elapsed 
5842.890   58.762 5964.905 
(2024-01-30 03:26:25) ---- Analyzing Chunk 54/126: chrom InitialChunk ---- 
Completed 10000/10000 markers in the chunk.
4027 markers were tested.
write to output
    user   system  elapsed 
5938.040   58.962 6060.659 
(2024-01-30 03:28:01) ---- Analyzing Chunk 55/126: chrom InitialChunk ---- 
Completed 10000/10000 markers in the chunk.
4484 markers were tested.
write to output
    user   system  elapsed 
6055.219   59.430 6179.357 
(2024-01-30 03:30:00) ---- Analyzing Chunk 56/126: chrom InitialChunk ---- 
Completed 10000/10000 markers in the chunk.
4410 markers were tested.
write to output
    user   system  elapsed 
6169.462   59.974 6295.367 
(2024-01-30 03:31:56) ---- Analyzing Chunk 57/126: chrom InitialChunk ---- 
Completed 10000/10000 markers in the chunk.
4121 markers were tested.
write to output
    user   system  elapsed 
6272.083   60.254 6398.862 
(2024-01-30 03:33:39) ---- Analyzing Chunk 58/126: chrom InitialChunk ---- 
Completed 10000/10000 markers in the chunk.
4415 markers were tested.
write to output
    user   system  elapsed 
6382.537   60.658 6510.811 
(2024-01-30 03:35:31) ---- Analyzing Chunk 59/126: chrom InitialChunk ---- 
Completed 10000/10000 markers in the chunk.
4186 markers were tested.
write to output
    user   system  elapsed 
6481.116   60.930 6610.383 
(2024-01-30 03:37:11) ---- Analyzing Chunk 60/126: chrom InitialChunk ---- 
Completed 10000/10000 markers in the chunk.
4131 markers were tested.
write to output
    user   system  elapsed 
6583.194   61.182 6713.503 
(2024-01-30 03:38:54) ---- Analyzing Chunk 61/126: chrom InitialChunk ---- 
Completed 10000/10000 markers in the chunk.
4064 markers were tested.
write to output
    user   system  elapsed 
6684.334   61.542 6815.738 
(2024-01-30 03:40:36) ---- Analyzing Chunk 62/126: chrom InitialChunk ---- 
Completed 10000/10000 markers in the chunk.
4035 markers were tested.
write to output
    user   system  elapsed 
6789.473   61.825 6921.878 
(2024-01-30 03:42:22) ---- Analyzing Chunk 63/126: chrom InitialChunk ---- 
Completed 10000/10000 markers in the chunk.
4130 markers were tested.
write to output
    user   system  elapsed 
6897.676   62.154 7030.978 
(2024-01-30 03:44:11) ---- Analyzing Chunk 64/126: chrom InitialChunk ---- 
Completed 10000/10000 markers in the chunk.
3894 markers were tested.
write to output
    user   system  elapsed 
6996.729   62.398 7130.652 
(2024-01-30 03:45:51) ---- Analyzing Chunk 65/126: chrom InitialChunk ---- 
Completed 10000/10000 markers in the chunk.
4038 markers were tested.
write to output
    user   system  elapsed 
7102.190   62.749 7237.127 
(2024-01-30 03:47:37) ---- Analyzing Chunk 66/126: chrom InitialChunk ---- 
Completed 10000/10000 markers in the chunk.
4055 markers were tested.
write to output
    user   system  elapsed 
7207.664   63.157 7343.748 
(2024-01-30 03:49:24) ---- Analyzing Chunk 67/126: chrom InitialChunk ---- 
Completed 10000/10000 markers in the chunk.
4306 markers were tested.
write to output
    user   system  elapsed 
7313.811   63.561 7451.419 
(2024-01-30 03:51:12) ---- Analyzing Chunk 68/126: chrom InitialChunk ---- 
Completed 10000/10000 markers in the chunk.
3966 markers were tested.
write to output
    user   system  elapsed 
7409.606   63.910 7548.227 
(2024-01-30 03:52:48) ---- Analyzing Chunk 69/126: chrom InitialChunk ---- 
Completed 10000/10000 markers in the chunk.
4340 markers were tested.
write to output
    user   system  elapsed 
7514.618   64.262 7654.366 
(2024-01-30 03:54:35) ---- Analyzing Chunk 70/126: chrom InitialChunk ---- 
Completed 10000/10000 markers in the chunk.
4330 markers were tested.
write to output
    user   system  elapsed 
7617.378   64.658 7758.301 
(2024-01-30 03:56:19) ---- Analyzing Chunk 71/126: chrom InitialChunk ---- 
Completed 10000/10000 markers in the chunk.
4404 markers were tested.
write to output
    user   system  elapsed 
7725.102   65.598 7868.000 
(2024-01-30 03:58:08) ---- Analyzing Chunk 72/126: chrom InitialChunk ---- 
Completed 10000/10000 markers in the chunk.
4431 markers were tested.
write to output
    user   system  elapsed 
7835.819   66.038 7980.173 
(2024-01-30 04:00:00) ---- Analyzing Chunk 73/126: chrom InitialChunk ---- 
Completed 10000/10000 markers in the chunk.
4248 markers were tested.
write to output
    user   system  elapsed 
7943.728   66.458 8089.479 
(2024-01-30 04:01:50) ---- Analyzing Chunk 74/126: chrom InitialChunk ---- 
Completed 10000/10000 markers in the chunk.
4155 markers were tested.
write to output
    user   system  elapsed 
8046.744   66.846 8193.806 
(2024-01-30 04:03:34) ---- Analyzing Chunk 75/126: chrom InitialChunk ---- 
Completed 10000/10000 markers in the chunk.
3694 markers were tested.
write to output
    user   system  elapsed 
8145.516   67.098 8293.493 
(2024-01-30 04:05:14) ---- Analyzing Chunk 76/126: chrom InitialChunk ---- 
Completed 10000/10000 markers in the chunk.
3623 markers were tested.
write to output
    user   system  elapsed 
8236.651   67.389 8385.356 
(2024-01-30 04:06:46) ---- Analyzing Chunk 77/126: chrom InitialChunk ---- 
Completed 10000/10000 markers in the chunk.
3932 markers were tested.
write to output
    user   system  elapsed 
8339.066   67.673 8488.833 
(2024-01-30 04:08:29) ---- Analyzing Chunk 78/126: chrom InitialChunk ---- 
Completed 10000/10000 markers in the chunk.
3991 markers were tested.
write to output
    user   system  elapsed 
8434.557   67.981 8585.048 
(2024-01-30 04:10:05) ---- Analyzing Chunk 79/126: chrom InitialChunk ---- 
Completed 10000/10000 markers in the chunk.
4173 markers were tested.
write to output
    user   system  elapsed 
8544.086   68.518 8696.425 
(2024-01-30 04:11:57) ---- Analyzing Chunk 80/126: chrom InitialChunk ---- 
Completed 10000/10000 markers in the chunk.
4173 markers were tested.
write to output
    user   system  elapsed 
8655.304   68.909 8809.052 
(2024-01-30 04:13:49) ---- Analyzing Chunk 81/126: chrom InitialChunk ---- 
Completed 10000/10000 markers in the chunk.
3899 markers were tested.
write to output
    user   system  elapsed 
8751.681   69.109 8906.240 
(2024-01-30 04:15:26) ---- Analyzing Chunk 82/126: chrom InitialChunk ---- 
Completed 10000/10000 markers in the chunk.
3881 markers were tested.
write to output
    user   system  elapsed 
8848.191   69.393 9003.799 
(2024-01-30 04:17:04) ---- Analyzing Chunk 83/126: chrom InitialChunk ---- 
Completed 10000/10000 markers in the chunk.
3834 markers were tested.
write to output
    user   system  elapsed 
8941.162   69.625 9097.648 
(2024-01-30 04:18:38) ---- Analyzing Chunk 84/126: chrom InitialChunk ---- 
Completed 10000/10000 markers in the chunk.
3841 markers were tested.
write to output
    user   system  elapsed 
9034.407   69.849 9191.518 
(2024-01-30 04:20:12) ---- Analyzing Chunk 85/126: chrom InitialChunk ---- 
Completed 10000/10000 markers in the chunk.
4008 markers were tested.
write to output
    user   system  elapsed 
9131.988   70.053 9289.775 
(2024-01-30 04:21:50) ---- Analyzing Chunk 86/126: chrom InitialChunk ---- 
Completed 10000/10000 markers in the chunk.
3602 markers were tested.
write to output
    user   system  elapsed 
9224.532   70.309 9383.064 
(2024-01-30 04:23:23) ---- Analyzing Chunk 87/126: chrom InitialChunk ---- 
Completed 10000/10000 markers in the chunk.
3731 markers were tested.
write to output
    user   system  elapsed 
9320.289   70.561 9479.483 
(2024-01-30 04:25:00) ---- Analyzing Chunk 88/126: chrom InitialChunk ---- 
Completed 10000/10000 markers in the chunk.
3802 markers were tested.
write to output
    user   system  elapsed 
9410.756   70.745 9570.465 
(2024-01-30 04:26:31) ---- Analyzing Chunk 89/126: chrom InitialChunk ---- 
Completed 10000/10000 markers in the chunk.
3890 markers were tested.
write to output
    user   system  elapsed 
9507.773   71.001 9668.134 
(2024-01-30 04:28:08) ---- Analyzing Chunk 90/126: chrom InitialChunk ---- 
Completed 10000/10000 markers in the chunk.
3828 markers were tested.
write to output
    user   system  elapsed 
9608.645   71.306 9770.007 
(2024-01-30 04:29:50) ---- Analyzing Chunk 91/126: chrom InitialChunk ---- 
Completed 10000/10000 markers in the chunk.
4101 markers were tested.
write to output
    user   system  elapsed 
9715.244   71.722 9878.302 
(2024-01-30 04:31:39) ---- Analyzing Chunk 92/126: chrom InitialChunk ---- 
Completed 10000/10000 markers in the chunk.
4199 markers were tested.
write to output
    user   system  elapsed 
9827.985   72.154 9992.493 
(2024-01-30 04:33:33) ---- Analyzing Chunk 93/126: chrom InitialChunk ---- 
Completed 10000/10000 markers in the chunk.
4021 markers were tested.
write to output
     user    system   elapsed 
 9935.052    72.466 10100.577 
(2024-01-30 04:35:21) ---- Analyzing Chunk 94/126: chrom InitialChunk ---- 
Completed 10000/10000 markers in the chunk.
4353 markers were tested.
write to output
     user    system   elapsed 
10040.070    72.833 10206.868 
(2024-01-30 04:37:07) ---- Analyzing Chunk 95/126: chrom InitialChunk ---- 
Completed 10000/10000 markers in the chunk.
4007 markers were tested.
write to output
     user    system   elapsed 
10142.329    73.101 10310.076 
(2024-01-30 04:38:50) ---- Analyzing Chunk 96/126: chrom InitialChunk ---- 
Completed 10000/10000 markers in the chunk.
4042 markers were tested.
write to output
     user    system   elapsed 
10245.438    73.373 10413.951 
(2024-01-30 04:40:34) ---- Analyzing Chunk 97/126: chrom InitialChunk ---- 
Completed 10000/10000 markers in the chunk.
4317 markers were tested.
write to output
     user    system   elapsed 
10358.036    73.933 10528.485 
(2024-01-30 04:42:29) ---- Analyzing Chunk 98/126: chrom InitialChunk ---- 
Completed 10000/10000 markers in the chunk.
4279 markers were tested.
write to output
     user    system   elapsed 
10470.898    74.293 10642.979 
(2024-01-30 04:44:23) ---- Analyzing Chunk 99/126: chrom InitialChunk ---- 
Completed 10000/10000 markers in the chunk.
4135 markers were tested.
write to output
     user    system   elapsed 
10585.518    74.852 10759.526 
(2024-01-30 04:46:20) ---- Analyzing Chunk 100/126: chrom InitialChunk ---- 
Completed 10000/10000 markers in the chunk.
4309 markers were tested.
write to output
     user    system   elapsed 
10701.138    75.261 10876.804 
(2024-01-30 04:48:17) ---- Analyzing Chunk 101/126: chrom InitialChunk ---- 
Completed 10000/10000 markers in the chunk.
4005 markers were tested.
write to output
     user    system   elapsed 
10806.688    75.761 10983.886 
(2024-01-30 04:50:04) ---- Analyzing Chunk 102/126: chrom InitialChunk ---- 
Completed 10000/10000 markers in the chunk.
4196 markers were tested.
write to output
     user    system   elapsed 
10917.903    76.153 11096.557 
(2024-01-30 04:51:57) ---- Analyzing Chunk 103/126: chrom InitialChunk ---- 
Completed 10000/10000 markers in the chunk.
4108 markers were tested.
write to output
     user    system   elapsed 
11030.236    76.689 11210.498 
(2024-01-30 04:53:51) ---- Analyzing Chunk 104/126: chrom InitialChunk ---- 
Completed 10000/10000 markers in the chunk.
4011 markers were tested.
write to output
     user    system   elapsed 
11125.783    77.045 11306.990 
(2024-01-30 04:55:27) ---- Analyzing Chunk 105/126: chrom InitialChunk ---- 
Completed 10000/10000 markers in the chunk.
4214 markers were tested.
write to output
     user    system   elapsed 
11225.130    77.329 11407.325 
(2024-01-30 04:57:08) ---- Analyzing Chunk 106/126: chrom InitialChunk ---- 
Completed 10000/10000 markers in the chunk.
4264 markers were tested.
write to output
     user    system   elapsed 
11321.834    77.673 11504.951 
(2024-01-30 04:58:45) ---- Analyzing Chunk 107/126: chrom InitialChunk ---- 
Completed 10000/10000 markers in the chunk.
4500 markers were tested.
write to output
     user    system   elapsed 
11433.087    78.101 11617.789 
(2024-01-30 05:00:38) ---- Analyzing Chunk 108/126: chrom InitialChunk ---- 
Completed 10000/10000 markers in the chunk.
3982 markers were tested.
write to output
     user    system   elapsed 
11538.582    78.397 11724.477 
(2024-01-30 05:02:25) ---- Analyzing Chunk 109/126: chrom InitialChunk ---- 
Completed 10000/10000 markers in the chunk.
4139 markers were tested.
write to output
     user    system   elapsed 
11642.318    78.745 11829.325 
(2024-01-30 05:04:10) ---- Analyzing Chunk 110/126: chrom InitialChunk ---- 
Completed 10000/10000 markers in the chunk.
4118 markers were tested.
write to output
     user    system   elapsed 
11749.703    79.117 11938.048 
(2024-01-30 05:05:58) ---- Analyzing Chunk 111/126: chrom InitialChunk ---- 
Completed 10000/10000 markers in the chunk.
3947 markers were tested.
write to output
     user    system   elapsed 
11848.265    79.429 12037.659 
(2024-01-30 05:07:38) ---- Analyzing Chunk 112/126: chrom InitialChunk ---- 
Completed 10000/10000 markers in the chunk.
4142 markers were tested.
write to output
     user    system   elapsed 
11951.755    79.777 12142.387 
(2024-01-30 05:09:23) ---- Analyzing Chunk 113/126: chrom InitialChunk ---- 
Completed 10000/10000 markers in the chunk.
4176 markers were tested.
write to output
     user    system   elapsed 
12057.966    80.173 12249.868 
(2024-01-30 05:11:10) ---- Analyzing Chunk 114/126: chrom InitialChunk ---- 
Completed 10000/10000 markers in the chunk.
3905 markers were tested.
write to output
     user    system   elapsed 
12159.027    80.485 12352.056 
(2024-01-30 05:12:52) ---- Analyzing Chunk 115/126: chrom InitialChunk ---- 
Completed 10000/10000 markers in the chunk.
4455 markers were tested.
write to output
     user    system   elapsed 
12268.865    80.952 12463.598 
(2024-01-30 05:14:44) ---- Analyzing Chunk 116/126: chrom InitialChunk ---- 
Completed 10000/10000 markers in the chunk.
4305 markers were tested.
write to output
     user    system   elapsed 
12379.117    81.349 12575.434 
(2024-01-30 05:16:36) ---- Analyzing Chunk 117/126: chrom InitialChunk ---- 
Completed 10000/10000 markers in the chunk.
4546 markers were tested.
write to output
     user    system   elapsed 
12506.955    81.925 12705.599 
(2024-01-30 05:18:46) ---- Analyzing Chunk 118/126: chrom InitialChunk ---- 
Completed 10000/10000 markers in the chunk.
4563 markers were tested.
write to output
     user    system   elapsed 
12625.246    82.409 12825.820 
(2024-01-30 05:20:46) ---- Analyzing Chunk 119/126: chrom InitialChunk ---- 
Completed 10000/10000 markers in the chunk.
4690 markers were tested.
write to output
     user    system   elapsed 
12744.146    82.777 12946.403 
(2024-01-30 05:22:47) ---- Analyzing Chunk 120/126: chrom InitialChunk ---- 
Completed 10000/10000 markers in the chunk.
4694 markers were tested.
write to output
     user    system   elapsed 
12867.122    83.745 13072.339 
(2024-01-30 05:24:53) ---- Analyzing Chunk 121/126: chrom InitialChunk ---- 
Completed 10000/10000 markers in the chunk.
4296 markers were tested.
write to output
     user    system   elapsed 
12966.960    84.097 13173.146 
(2024-01-30 05:26:33) ---- Analyzing Chunk 122/126: chrom InitialChunk ---- 
Completed 10000/10000 markers in the chunk.
4081 markers were tested.
write to output
     user    system   elapsed 
13064.671    84.345 13271.643 
(2024-01-30 05:28:12) ---- Analyzing Chunk 123/126: chrom InitialChunk ---- 
Completed 10000/10000 markers in the chunk.
4309 markers were tested.
write to output
     user    system   elapsed 
13176.837    84.713 13385.132 
(2024-01-30 05:30:05) ---- Analyzing Chunk 124/126: chrom InitialChunk ---- 
Completed 10000/10000 markers in the chunk.
3839 markers were tested.
write to output
     user    system   elapsed 
13278.325    85.205 13487.811 
(2024-01-30 05:31:48) ---- Analyzing Chunk 125/126: chrom InitialChunk ---- 
Completed 10000/10000 markers in the chunk.
4060 markers were tested.
write to output
     user    system   elapsed 
13380.703    85.577 13591.389 
(2024-01-30 05:33:32) ---- Analyzing Chunk 126/126: chrom InitialChunk ---- 
2487 markers were tested.
write to output
     user    system   elapsed 
13443.080    86.137 13655.062 
[1] "Analysis done! The results have been saved to '/home/ubuntu/step2/output/chr22_HDL_imputed_output'."
Tue Jan 30 05:34:36 UTC 2024step2end
